<?xml version="1.0" encoding="UTF-8"?>
<!-- Generated by org.testng.reporters.JUnitXMLReporter -->
<testsuite hostname="LAPTOP-OL1UFPQJ" name="Default test" tests="4" failures="0" timestamp="20 Feb 2018 12:05:52 GMT" time="0.045" errors="0">
  <testcase name="div" time="0.013" classname="com.qa.tests.DemoTest"/>
  <testcase name="mul" time="0.006" classname="com.qa.tests.DemoTest"/>
  <testcase name="sub" time="0.004" classname="com.qa.tests.DemoTest"/>
  <testcase name="sum" time="0.003" classname="com.qa.tests.DemoTest"/>
</testsuite> <!-- Default test -->
